<?xml version="1.0" encoding="UTF-8"?>
<!-- Generated by org.testng.reporters.JUnitReportReporter -->
<testsuite hostname="DESKTOP-QNLDC4R" failures="0" tests="1" name="OrgTests.readDataFromCmdLineTest" time="0.005" errors="0" timestamp="2022-03-14T16:09:25 IST" skipped="0">
  <testcase classname="OrgTests.readDataFromCmdLineTest" name="readData" time="0.005"/>
  <system-out/>
</testsuite> <!-- OrgTests.readDataFromCmdLineTest -->
